2017-06-30 11:39:19 INFO  CommonUtility:59 - Property file is loaded successfully: src/Config/config.properties
2017-06-30 11:40:37 INFO  CommonUtility:59 - Property file is loaded successfully: src/Config/config.properties
2017-06-30 11:40:43 INFO  BrowserImplementations:77 - New Chrome driver instantiated
2017-06-30 11:40:43 INFO  BrowserImplementations:102 - Implicit wait applied on the driver for 60 seconds
2017-06-30 11:40:44 INFO  BrowserImplementations:104 - Maximixe the window
2017-06-30 11:59:34 ERROR CommonUtility:74 - Filed file not found: src/Configuration Files/config.properties
2017-06-30 12:01:02 ERROR CommonUtility:74 - Filed file not found: src/Configuration Files/config.properties
2017-06-30 12:02:30 INFO  CommonUtility:59 - Property file is loaded successfully: src/Config/config.properties
2017-06-30 12:02:52 INFO  Driver:36 - New Chrome driver instantiated
2017-06-30 12:02:56 INFO  Driver:61 - Implicit wait applied on the driver for 60 seconds
2017-06-30 12:03:08 INFO  Driver:63 - Maximixe the window
2017-06-30 12:03:18 INFO  BrowserImplementations:24 - Web application launched: http://10.55.0.23:8080/autoiq/#/home/reports
2017-06-30 12:04:15 INFO  CommonUtility:59 - Property file is loaded successfully: src/Config/config.properties
2017-06-30 12:04:30 INFO  Driver:36 - New Chrome driver instantiated
2017-06-30 12:04:32 INFO  Driver:61 - Implicit wait applied on the driver for 60 seconds
2017-06-30 12:04:35 INFO  Driver:63 - Maximixe the window
2017-06-30 12:04:37 INFO  BrowserImplementations:24 - Web application launched: http://10.55.0.23:8080/autoiq/#/home/reports
2017-06-30 12:04:48 INFO  BrowserImplementations:45 - Close all the browser open by selenium webdriver
2017-06-30 12:21:31 INFO  CommonUtility:59 - Property file is loaded successfully: src/Pages/LoginPage.properties
2017-06-30 12:22:01 INFO  CommonUtility:59 - Property file is loaded successfully: src/Config/config.properties
2017-06-30 12:22:24 INFO  CommonUtility:59 - Property file is loaded successfully: src/Config/config.properties
2017-06-30 12:22:50 INFO  Driver:36 - New Chrome driver instantiated
2017-06-30 12:22:51 INFO  Driver:61 - Implicit wait applied on the driver for 60 seconds
2017-06-30 12:22:54 INFO  Driver:63 - Maximixe the window
2017-06-30 12:22:59 INFO  BrowserImplementations:22 - Web application launched: http://10.55.0.23:8080/autoiq/#/home/reports
2017-06-30 12:25:44 INFO  CommonUtility:59 - Property file is loaded successfully: src/Pages/LoginPage.properties
2017-06-30 12:25:44 INFO  CommonUtility:59 - Property file is loaded successfully: src/Config/config.properties
2017-06-30 12:25:44 INFO  CommonUtility:59 - Property file is loaded successfully: src/Config/config.properties
2017-06-30 12:25:47 INFO  Driver:36 - New Chrome driver instantiated
2017-06-30 12:25:47 INFO  Driver:61 - Implicit wait applied on the driver for 60 seconds
2017-06-30 12:25:48 INFO  Driver:63 - Maximixe the window
2017-06-30 12:25:48 INFO  BrowserImplementations:22 - Web application launched: http://10.55.0.23:8080/autoiq/#/home/reports
2017-06-30 12:26:26 INFO  CommonUtility:59 - Property file is loaded successfully: src/Pages/LoginPage.properties
2017-06-30 12:26:26 INFO  CommonUtility:59 - Property file is loaded successfully: src/Config/config.properties
2017-06-30 12:26:26 INFO  CommonUtility:59 - Property file is loaded successfully: src/Config/config.properties
2017-06-30 12:26:29 INFO  Driver:36 - New Chrome driver instantiated
2017-06-30 12:26:29 INFO  Driver:61 - Implicit wait applied on the driver for 60 seconds
2017-06-30 12:26:31 INFO  Driver:63 - Maximixe the window
2017-06-30 12:26:31 INFO  BrowserImplementations:22 - Web application launched: http://10.55.0.23:8080/autoiq/#/home/reports
2017-06-30 12:28:42 INFO  CommonUtility:59 - Property file is loaded successfully: src/Pages/LoginPage.properties
2017-06-30 12:28:42 INFO  CommonUtility:59 - Property file is loaded successfully: src/Config/config.properties
2017-06-30 12:28:42 INFO  CommonUtility:59 - Property file is loaded successfully: src/Config/config.properties
2017-06-30 12:28:45 INFO  Driver:36 - New Chrome driver instantiated
2017-06-30 12:28:45 INFO  Driver:61 - Implicit wait applied on the driver for 60 seconds
2017-06-30 12:28:46 INFO  Driver:63 - Maximixe the window
2017-06-30 12:28:47 INFO  BrowserImplementations:22 - Web application launched: http://10.55.0.23:8080/autoiq/#/home/reports
2017-06-30 12:28:47 INFO  CommonUtility:59 - Property file is loaded successfully: src/Config/config.properties
2017-06-30 12:28:49 INFO  Driver:36 - New Chrome driver instantiated
2017-06-30 12:28:49 INFO  Driver:61 - Implicit wait applied on the driver for 60 seconds
2017-06-30 12:28:50 INFO  Driver:63 - Maximixe the window
2017-06-30 12:44:02 INFO  CommonUtility:59 - Property file is loaded successfully: src/Pages/LoginPage.properties
2017-06-30 12:44:02 INFO  CommonUtility:59 - Property file is loaded successfully: src/Config/config.properties
2017-06-30 12:44:02 INFO  CommonUtility:59 - Property file is loaded successfully: src/Config/config.properties
2017-06-30 12:44:05 INFO  Driver:36 - New Chrome driver instantiated
2017-06-30 12:44:05 INFO  Driver:61 - Implicit wait applied on the driver for 60 seconds
2017-06-30 12:44:07 INFO  Driver:63 - Maximixe the window
2017-06-30 12:44:07 INFO  BrowserImplementations:22 - Web application launched: http://10.55.0.23:8080/autoiq/#/home/reports
2017-06-30 12:48:56 INFO  CommonUtility:59 - Property file is loaded successfully: src/Pages/LoginPage.properties
2017-06-30 12:48:56 INFO  CommonUtility:59 - Property file is loaded successfully: src/Config/config.properties
2017-06-30 12:48:56 INFO  CommonUtility:59 - Property file is loaded successfully: src/Config/config.properties
2017-06-30 12:48:59 INFO  Driver:36 - New Chrome driver instantiated
2017-06-30 12:48:59 INFO  Driver:61 - Implicit wait applied on the driver for 60 seconds
2017-06-30 12:49:00 INFO  Driver:63 - Maximixe the window
2017-06-30 12:49:01 INFO  BrowserImplementations:22 - Web application launched: http://10.55.0.23:8080/autoiq/#/home/reports
2017-06-30 12:52:31 INFO  CommonUtility:59 - Property file is loaded successfully: src/Pages/LoginPage.properties
2017-06-30 12:52:31 INFO  CommonUtility:59 - Property file is loaded successfully: src/Config/config.properties
2017-06-30 12:52:31 INFO  CommonUtility:59 - Property file is loaded successfully: src/Config/config.properties
2017-06-30 12:52:34 INFO  Driver:36 - New Chrome driver instantiated
2017-06-30 12:52:34 INFO  Driver:61 - Implicit wait applied on the driver for 60 seconds
2017-06-30 12:52:35 INFO  Driver:63 - Maximixe the window
2017-06-30 12:52:36 INFO  BrowserImplementations:22 - Web application launched: http://10.55.0.23:8080/autoiq/#/home/reports
2017-06-30 12:53:22 INFO  CommonUtility:59 - Property file is loaded successfully: src/Pages/LoginPage.properties
2017-06-30 12:53:22 INFO  CommonUtility:59 - Property file is loaded successfully: src/Config/config.properties
2017-06-30 12:53:22 INFO  CommonUtility:59 - Property file is loaded successfully: src/Config/config.properties
2017-06-30 12:53:25 INFO  Driver:36 - New Chrome driver instantiated
2017-06-30 12:53:25 INFO  Driver:61 - Implicit wait applied on the driver for 60 seconds
2017-06-30 12:53:26 INFO  Driver:63 - Maximixe the window
2017-06-30 12:53:27 INFO  BrowserImplementations:22 - Web application launched: http://10.55.0.23:8080/autoiq/#/home/reports
2017-06-30 12:56:15 INFO  CommonUtility:59 - Property file is loaded successfully: src/Pages/LoginPage.properties
2017-06-30 12:56:15 INFO  CommonUtility:59 - Property file is loaded successfully: src/Config/config.properties
2017-06-30 12:56:15 INFO  CommonUtility:59 - Property file is loaded successfully: src/Config/config.properties
2017-06-30 12:56:18 INFO  Driver:36 - New Chrome driver instantiated
2017-06-30 12:56:18 INFO  Driver:61 - Implicit wait applied on the driver for 60 seconds
2017-06-30 12:56:19 INFO  Driver:63 - Maximixe the window
2017-06-30 12:56:20 INFO  BrowserImplementations:22 - Web application launched: http://10.55.0.23:8080/autoiq/#/home/reports
2017-06-30 12:56:20 INFO  BrowserImplementations:43 - Close all the browser open by selenium webdriver
2017-06-30 12:56:34 INFO  CommonUtility:59 - Property file is loaded successfully: src/Pages/LoginPage.properties
2017-06-30 12:56:34 INFO  CommonUtility:59 - Property file is loaded successfully: src/Config/config.properties
2017-06-30 12:56:34 INFO  CommonUtility:59 - Property file is loaded successfully: src/Config/config.properties
2017-06-30 12:56:37 INFO  Driver:36 - New Chrome driver instantiated
2017-06-30 12:56:37 INFO  Driver:61 - Implicit wait applied on the driver for 60 seconds
2017-06-30 12:56:38 INFO  Driver:63 - Maximixe the window
2017-06-30 12:56:39 INFO  BrowserImplementations:22 - Web application launched: http://10.55.0.23:8080/autoiq/#/home/reports
2017-06-30 14:16:11 INFO  CommonUtility:59 - Property file is loaded successfully: src/Pages/LoginPage.properties
2017-06-30 14:16:11 INFO  CommonUtility:59 - Property file is loaded successfully: src/Config/config.properties
2017-06-30 14:16:11 INFO  CommonUtility:59 - Property file is loaded successfully: src/Config/config.properties
2017-06-30 14:16:14 INFO  Driver:36 - New Chrome driver instantiated
2017-06-30 14:16:14 INFO  Driver:61 - Implicit wait applied on the driver for 60 seconds
2017-06-30 14:16:15 INFO  Driver:63 - Maximixe the window
2017-06-30 14:16:16 INFO  BrowserImplementations:22 - Web application launched: http://10.55.0.23:8080/autoiq/#/home/reports
2017-06-30 15:29:19 INFO  CommonUtility:59 - Property file is loaded successfully: src/Pages/LoginPage.properties
2017-06-30 15:29:19 INFO  CommonUtility:59 - Property file is loaded successfully: src/Config/config.properties
2017-06-30 15:29:19 INFO  CommonUtility:59 - Property file is loaded successfully: src/Config/config.properties
2017-06-30 15:29:22 INFO  Driver:36 - New Chrome driver instantiated
2017-06-30 15:29:22 INFO  Driver:61 - Implicit wait applied on the driver for 60 seconds
2017-06-30 15:29:23 INFO  Driver:63 - Maximixe the window
2017-06-30 15:29:24 INFO  BrowserImplementations:22 - Web application launched: http://10.55.0.23:8080/autoiq/#/home/reports
2017-06-30 15:30:35 INFO  CommonUtility:59 - Property file is loaded successfully: src/Pages/LoginPage.properties
2017-06-30 15:30:35 INFO  CommonUtility:59 - Property file is loaded successfully: src/Config/config.properties
2017-06-30 15:30:35 INFO  CommonUtility:59 - Property file is loaded successfully: src/Config/config.properties
2017-06-30 15:30:38 INFO  Driver:36 - New Chrome driver instantiated
2017-06-30 15:30:38 INFO  Driver:61 - Implicit wait applied on the driver for 60 seconds
2017-06-30 15:30:39 INFO  Driver:63 - Maximixe the window
2017-06-30 15:30:40 INFO  BrowserImplementations:22 - Web application launched: http://10.55.0.23:8080/autoiq/#/home/reports
2017-06-30 15:40:52 INFO  CommonUtility:59 - Property file is loaded successfully: src/Pages/LoginPage.properties
2017-06-30 15:40:52 INFO  CommonUtility:59 - Property file is loaded successfully: src/Config/config.properties
2017-06-30 15:40:52 INFO  CommonUtility:59 - Property file is loaded successfully: src/Config/config.properties
2017-06-30 15:40:55 INFO  Driver:36 - New Chrome driver instantiated
2017-06-30 15:40:55 INFO  Driver:61 - Implicit wait applied on the driver for 60 seconds
2017-06-30 15:40:56 INFO  Driver:63 - Maximixe the window
2017-06-30 15:40:57 INFO  BrowserImplementations:22 - Web application launched: http://10.55.0.23:8080/autoiq/#/home/reports
2017-07-04 12:14:03 INFO  CommonUtility:59 - Property file is loaded successfully: src/Config/config.properties
2017-07-04 12:14:06 INFO  Driver:99 - New Chrome driver instantiated
2017-07-04 12:14:07 INFO  BrowserImplementations:34 - Web application launched: http://10.55.0.23:8080/autoiq/#/home/reports
2017-07-04 12:16:13 INFO  CommonUtility:59 - Property file is loaded successfully: src/Config/config.properties
2017-07-04 12:16:15 INFO  Driver:99 - New Chrome driver instantiated
2017-07-04 12:16:17 INFO  BrowserImplementations:37 - Implicit wait applied on the driver for 60 seconds
2017-07-04 12:16:18 INFO  BrowserImplementations:39 - Maximixe the window
2017-07-04 12:16:18 INFO  BrowserImplementations:40 - Web application launched: http://10.55.0.23:8080/autoiq/#/home/reports
2017-07-04 12:17:07 INFO  CommonUtility:59 - Property file is loaded successfully: src/Config/config.properties
2017-07-04 12:17:10 INFO  Driver:99 - New Chrome driver instantiated
2017-07-04 12:17:11 INFO  BrowserImplementations:37 - Implicit wait applied on the driver for 60 seconds
2017-07-04 12:17:13 INFO  BrowserImplementations:39 - Maximixe the window
2017-07-04 12:17:13 INFO  BrowserImplementations:40 - Web application launched: http://10.55.0.23:8080/autoiq/#/home/reports
2017-07-04 12:17:13 INFO  BrowserImplementations:72 - Close all the browser open by selenium webdriver
2017-07-04 12:17:22 INFO  CommonUtility:59 - Property file is loaded successfully: src/Config/config.properties
2017-07-04 12:17:25 INFO  Driver:99 - New Chrome driver instantiated
2017-07-04 12:17:26 INFO  BrowserImplementations:37 - Implicit wait applied on the driver for 60 seconds
2017-07-04 12:17:27 INFO  BrowserImplementations:39 - Maximixe the window
2017-07-04 12:17:27 INFO  BrowserImplementations:40 - Web application launched: http://10.55.0.23:8080/autoiq/#/home/reports
2017-07-04 12:17:28 INFO  BrowserImplementations:72 - Close all the browser open by selenium webdriver
2017-07-04 12:17:28 INFO  CommonUtility:59 - Property file is loaded successfully: src/Config/config.properties
2017-07-04 12:17:29 INFO  Driver:99 - New Chrome driver instantiated
2017-07-04 12:17:30 INFO  BrowserImplementations:37 - Implicit wait applied on the driver for 60 seconds
2017-07-04 12:17:32 INFO  BrowserImplementations:39 - Maximixe the window
2017-07-04 12:17:32 INFO  BrowserImplementations:40 - Web application launched: http://10.55.0.23:8080/autoiq/#/home/reports
2017-07-04 12:59:16 INFO  CommonUtility:59 - Property file is loaded successfully: src/Test Data/LoginData.properties
2017-07-04 12:59:16 INFO  CommonUtility:59 - Property file is loaded successfully: src/Pages/LoginPage.properties
2017-07-04 12:59:16 INFO  CommonUtility:59 - Property file is loaded successfully: src/Config/config.properties
2017-07-04 12:59:19 INFO  Driver:44 - New Chrome driver instantiated
2017-07-04 12:59:20 INFO  BrowserImplementations:37 - Implicit wait applied on the driver for 60 seconds
2017-07-04 12:59:21 INFO  BrowserImplementations:39 - Maximixe the window
2017-07-04 12:59:21 INFO  BrowserImplementations:40 - Web application launched: http://10.55.0.23:8080/autoiq/#/home/reports
2017-07-04 12:59:21 INFO  ElementActionsImplementions:184 - Text entered on this locator :name=j_usernameadmin
2017-07-04 14:17:32 INFO  Driver:44 - New Chrome driver instantiated
2017-07-04 14:27:48 INFO  CommonUtility:59 - Property file is loaded successfully: src/Test Data/LoginData.properties
2017-07-04 14:27:48 INFO  CommonUtility:59 - Property file is loaded successfully: src/Pages/LoginPage.properties
2017-07-04 14:27:48 INFO  CommonUtility:59 - Property file is loaded successfully: src/Config/config.properties
2017-07-04 14:31:50 INFO  CommonUtility:59 - Property file is loaded successfully: src/Test Data/LoginData.properties
2017-07-04 14:31:50 INFO  CommonUtility:59 - Property file is loaded successfully: src/Pages/LoginPage.properties
2017-07-04 14:31:50 INFO  CommonUtility:59 - Property file is loaded successfully: src/Config/config.properties
2017-07-04 15:40:27 INFO  CommonUtility:59 - Property file is loaded successfully: src/Test Data/LoginData.properties
2017-07-04 15:40:27 INFO  CommonUtility:59 - Property file is loaded successfully: src/Pages/LoginPage.properties
2017-07-04 15:40:27 INFO  CommonUtility:59 - Property file is loaded successfully: src/Config/config.properties
2017-07-04 15:41:24 INFO  CommonUtility:59 - Property file is loaded successfully: src/Test Data/LoginData.properties
2017-07-04 15:41:24 INFO  CommonUtility:59 - Property file is loaded successfully: src/Pages/LoginPage.properties
2017-07-04 15:41:24 INFO  CommonUtility:59 - Property file is loaded successfully: src/Config/config.properties
2017-07-04 15:41:27 INFO  Driver:43 - New Chrome driver instantiated
2017-07-04 15:41:48 INFO  BrowserImplementations:37 - Implicit wait applied on the driver for 60 seconds
2017-07-04 15:41:50 INFO  BrowserImplementations:39 - Maximixe the window
2017-07-04 15:41:50 INFO  BrowserImplementations:40 - Web application launched: http://10.55.0.23:8080/autoiq/#/home/reports
2017-07-04 15:41:51 INFO  ElementActionsImplementions:184 - Text entered on this locator :name=j_usernameadmin
2017-07-04 15:41:52 INFO  ElementActionsImplementions:184 - Text entered on this locator :name=j_passwordOCS
2017-07-04 15:42:01 INFO  ElementActionsImplementions:112 - Click action performed on this element: "xpath=//input[contains(@value,'LOGIN')]"
2017-07-05 12:36:43 INFO  CommonUtility:59 - Property file is loaded successfully: src/Pages/LoginPage.properties
2017-07-05 12:36:43 INFO  CommonUtility:59 - Property file is loaded successfully: src/Config/config.properties
2017-07-05 12:36:45 INFO  Driver:43 - New Chrome driver instantiated
2017-07-05 12:36:53 INFO  BrowserImplementations:37 - Implicit wait applied on the driver for 60 seconds
2017-07-05 12:36:54 INFO  BrowserImplementations:39 - Maximixe the window
2017-07-05 12:36:54 INFO  BrowserImplementations:40 - Web application launched: http://toolsqa.com/handling-alerts-using-selenium-webdriver/
2017-07-05 12:38:23 INFO  CommonUtility:59 - Property file is loaded successfully: src/Pages/LoginPage.properties
2017-07-05 12:38:23 INFO  CommonUtility:59 - Property file is loaded successfully: src/Config/config.properties
2017-07-05 12:38:26 INFO  Driver:43 - New Chrome driver instantiated
2017-07-05 12:38:35 INFO  BrowserImplementations:37 - Implicit wait applied on the driver for 60 seconds
2017-07-05 12:38:36 INFO  BrowserImplementations:39 - Maximixe the window
2017-07-05 12:38:36 INFO  BrowserImplementations:40 - Web application launched: http://toolsqa.com/handling-alerts-using-selenium-webdriver/
2017-07-05 12:39:11 INFO  CommonUtility:59 - Property file is loaded successfully: src/Pages/LoginPage.properties
2017-07-05 12:39:11 INFO  CommonUtility:59 - Property file is loaded successfully: src/Config/config.properties
2017-07-05 12:39:14 INFO  Driver:43 - New Chrome driver instantiated
2017-07-05 12:39:22 INFO  BrowserImplementations:37 - Implicit wait applied on the driver for 60 seconds
2017-07-05 12:39:23 INFO  BrowserImplementations:39 - Maximixe the window
2017-07-05 12:39:23 INFO  BrowserImplementations:40 - Web application launched: http://toolsqa.com/handling-alerts-using-selenium-webdriver/
2017-07-05 12:40:45 INFO  CommonUtility:59 - Property file is loaded successfully: src/Pages/LoginPage.properties
2017-07-05 12:40:45 INFO  CommonUtility:59 - Property file is loaded successfully: src/Config/config.properties
2017-07-05 12:40:48 INFO  Driver:43 - New Chrome driver instantiated
2017-07-05 12:40:56 INFO  BrowserImplementations:37 - Implicit wait applied on the driver for 60 seconds
2017-07-05 12:40:57 INFO  BrowserImplementations:39 - Maximixe the window
2017-07-05 12:40:57 INFO  BrowserImplementations:40 - Web application launched: http://toolsqa.com/handling-alerts-using-selenium-webdriver/
